0 info it worked if it ends with ok
1 verbose cli [ '/Users/alexisaraujo/.nvm/versions/node/v7.5.0/bin/node',
1 verbose cli   '/Users/alexisaraujo/.nvm/versions/node/v7.5.0/bin/npm',
1 verbose cli   'run',
1 verbose cli   'lint' ]
2 info using npm@4.1.2
3 info using node@v7.5.0
4 verbose run-script [ 'prelint', 'lint', 'postlint' ]
5 info lifecycle platzigram-db@1.0.0~prelint: platzigram-db@1.0.0
6 silly lifecycle platzigram-db@1.0.0~prelint: no script for prelint, continuing
7 info lifecycle platzigram-db@1.0.0~lint: platzigram-db@1.0.0
8 verbose lifecycle platzigram-db@1.0.0~lint: unsafe-perm in lifecycle true
9 verbose lifecycle platzigram-db@1.0.0~lint: PATH: /Users/alexisaraujo/.nvm/versions/node/v7.5.0/lib/node_modules/npm/bin/node-gyp-bin:/Users/alexisaraujo/Desktop/platzigram-db/node_modules/.bin:/Users/alexisaraujo/.nvm/versions/node/v7.5.0/bin:/usr/local/opt/android-sdk/platform-tools:/usr/local/opt/android-sdk/tools:/usr/local/opt/gradle/bin:/usr/local/opt/maven/bin:/usr/local/opt/ant/bin:/Users/alexisaraujo/.fastlane/bin:/Users/alexisaraujo/.rvm/gems/ruby-2.2.4/bin:/Users/alexisaraujo/.rvm/gems/ruby-2.2.4@global/bin:/Users/alexisaraujo/.rvm/rubies/ruby-2.2.4/bin:/usr/local/bin:/usr/bin:/bin:/usr/sbin:/sbin:/Users/alexisaraujo/.rvm/bin:/Users/alexisaraujo/.rvm/bin
10 verbose lifecycle platzigram-db@1.0.0~lint: CWD: /Users/alexisaraujo/Desktop/platzigram-db
11 silly lifecycle platzigram-db@1.0.0~lint: Args: [ '-c', 'standard' ]
12 silly lifecycle platzigram-db@1.0.0~lint: Returned: code: 1  signal: null
13 info lifecycle platzigram-db@1.0.0~lint: Failed to exec lint script
14 verbose stack Error: platzigram-db@1.0.0 lint: `standard`
14 verbose stack Exit status 1
14 verbose stack     at EventEmitter.<anonymous> (/Users/alexisaraujo/.nvm/versions/node/v7.5.0/lib/node_modules/npm/lib/utils/lifecycle.js:279:16)
14 verbose stack     at emitTwo (events.js:106:13)
14 verbose stack     at EventEmitter.emit (events.js:192:7)
14 verbose stack     at ChildProcess.<anonymous> (/Users/alexisaraujo/.nvm/versions/node/v7.5.0/lib/node_modules/npm/lib/utils/spawn.js:40:14)
14 verbose stack     at emitTwo (events.js:106:13)
14 verbose stack     at ChildProcess.emit (events.js:192:7)
14 verbose stack     at maybeClose (internal/child_process.js:890:16)
14 verbose stack     at Process.ChildProcess._handle.onexit (internal/child_process.js:226:5)
15 verbose pkgid platzigram-db@1.0.0
16 verbose cwd /Users/alexisaraujo/Desktop/platzigram-db
17 error Darwin 16.4.0
18 error argv "/Users/alexisaraujo/.nvm/versions/node/v7.5.0/bin/node" "/Users/alexisaraujo/.nvm/versions/node/v7.5.0/bin/npm" "run" "lint"
19 error node v7.5.0
20 error npm  v4.1.2
21 error code ELIFECYCLE
22 error platzigram-db@1.0.0 lint: `standard`
22 error Exit status 1
23 error Failed at the platzigram-db@1.0.0 lint script 'standard'.
23 error Make sure you have the latest version of node.js and npm installed.
23 error If you do, this is most likely a problem with the platzigram-db package,
23 error not with npm itself.
23 error Tell the author that this fails on your system:
23 error     standard
23 error You can get information on how to open an issue for this project with:
23 error     npm bugs platzigram-db
23 error Or if that isn't available, you can get their info via:
23 error     npm owner ls platzigram-db
23 error There is likely additional logging output above.
24 verbose exit [ 1, true ]
